<?xml version="1.0" encoding="UTF-8"?>
<testng-results ignored="0" total="1" passed="1" failed="0" skipped="0">
  <reporter-output>
  </reporter-output>
  <suite started-at="2022-04-07T07:44:52 PDT" name="Default suite" finished-at="2022-04-07T07:44:52 PDT" duration-ms="36">
    <groups>
    </groups>
    <test started-at="2022-04-07T07:44:52 PDT" name="Default test" finished-at="2022-04-07T07:44:52 PDT" duration-ms="36">
      <class name="Example">
        <test-method signature="test()[pri:0, instance:Example@62e7f11d]" started-at="2022-04-07T07:44:52 PDT" name="test" finished-at="2022-04-07T07:44:52 PDT" duration-ms="6" status="PASS">
          <reporter-output>
          </reporter-output>
        </test-method> <!-- test -->
      </class> <!-- Example -->
    </test> <!-- Default test -->
  </suite> <!-- Default suite -->
</testng-results>
